<?xml version="1.0" encoding="UTF-8"?>
<!-- Generated by org.testng.reporters.JUnitXMLReporter -->
<testsuite ignored="1" hostname="LAPTOP-62KJU3VU" failures="0" tests="9" name="Default test" time="101.12" errors="0" timestamp="2025-08-28T17:01:31 IST">
  <testcase classname="com.orangehrm.base.BaseTest" name="questio2" time="6.493"/>
  <testcase classname="com.orangehrm.base.BaseTest" name="question1_google" time="1.067"/>
  <testcase classname="com.orangehrm.base.BaseTest" name="question3_amazonLaptopSearch" time="9.18"/>
  <testcase classname="com.orangehrm.base.BaseTest" name="question4_dropdownSelection" time="1.501"/>
  <testcase classname="com.orangehrm.base.BaseTest" name="question5_handleAlertPopup" time="7.656"/>
  <testcase classname="com.orangehrm.base.BaseTest" name="question6_handleCheckbox" time="6.006"/>
  <testcase classname="com.orangehrm.base.BaseTest" name="question7_webTableData" time="5.372"/>
  <testcase classname="com.orangehrm.base.BaseTest" name="question8_multipleWindows" time="6.635"/>
  <testcase classname="com.orangehrm.base.BaseTest" name="question9_screenshotCapture" time="3.646"/>
  <testcase classname="com.orangehrm.tests.LoginOrangeHRM" name="loginTest" time="0.0">
    <ignored/>
  </testcase> <!-- loginTest -->
</testsuite> <!-- Default test -->
