<?xml version="1.0" encoding="UTF-8"?>
<!-- Generated by org.testng.reporters.JUnitXMLReporter -->
<testsuite ignored="0" hostname="LAPTOP-62KJU3VU" failures="0" tests="2" name="Lab3 on IE" time="202.145" errors="0" timestamp="2025-08-19T14:30:55 IST">
  <testcase classname="pack1.Lab9_3_Testng" name="test3" time="0.0">
    <skipped/>
  </testcase> <!-- test3 -->
  <testcase classname="pack1.Lab9_3_Testng" name="Cart" time="0.0">
    <skipped/>
  </testcase> <!-- Cart -->
</testsuite> <!-- Lab3 on IE -->
