<?xml version="1.0" encoding="UTF-8"?>
<!-- Generated by org.testng.reporters.JUnitXMLReporter -->
<testsuite ignored="0" hostname="LAPTOP-62KJU3VU" failures="0" tests="4" name="Lab4 on IE" time="203.428" errors="0" timestamp="2025-08-19T14:30:57 IST">
  <testcase classname="pack1.Lab9_4_Testng" name="test4" time="0.0">
    <skipped/>
  </testcase> <!-- test4 -->
  <testcase classname="pack1.Lab9_4_Testng" name="verifyTitle" time="0.0">
    <skipped/>
  </testcase> <!-- verifyTitle -->
  <testcase classname="pack1.Lab9_4_Testng" name="desktopMac" time="0.0">
    <skipped/>
  </testcase> <!-- desktopMac -->
  <testcase classname="pack1.Lab9_4_Testng" name="searchFlow" time="0.0">
    <skipped/>
  </testcase> <!-- searchFlow -->
</testsuite> <!-- Lab4 on IE -->
