<?xml version="1.0" encoding="UTF-8"?>
<!-- Generated by org.testng.reporters.JUnitXMLReporter -->
<testsuite ignored="0" hostname="LAPTOP-62KJU3VU" failures="0" tests="4" name="Test1" time="31.178" errors="0" timestamp="2025-08-18T17:17:42 IST">
  <testcase classname="pack1.Lab8" name="f" time="2.824"/>
  <testcase classname="pack1.Lab8" name="f" time="3.915"/>
  <testcase classname="pack1.Lab8_1" name="f" time="8.264"/>
  <testcase classname="pack1.Lab8_1" name="f" time="5.635"/>
</testsuite> <!-- Test1 -->
