<?xml version="1.0" encoding="UTF-8"?>
<!-- Generated by org.testng.reporters.JUnitXMLReporter -->
<testsuite ignored="0" hostname="LAPTOP-62KJU3VU" failures="0" tests="9" name="Test" time="51.21" errors="0" timestamp="2025-08-28T16:57:11 IST">
  <testcase classname="Questions.Q2" name="f" time="0.912"/>
  <testcase classname="Questions.Q3" name="f" time="10.547"/>
  <testcase classname="Questions.Q4" name="f" time="0.862"/>
  <testcase classname="Questions.Q5" name="f" time="6.998"/>
  <testcase classname="Questions.Q1" name="f" time="2.013"/>
  <testcase classname="Questions.Q6" name="handleCheckboxesTest" time="3.189"/>
  <testcase classname="Questions.Q7" name="webTableDataExtractionTest" time="5.292"/>
  <testcase classname="Questions.Q8" name="multipleWindowsHandlingTest" time="3.488"/>
  <testcase classname="Questions.Q9" name="captureScreenshotTest" time="2.589"/>
</testsuite> <!-- Test -->
