<?xml version="1.0" encoding="UTF-8"?>
<testng-results ignored="0" total="2" passed="2" failed="0" skipped="0">
  <reporter-output>
  </reporter-output>
  <suite started-at="2025-08-19T16:31:50 IST" name="Default suite" finished-at="2025-08-19T16:32:05 IST" duration-ms="14773">
    <groups>
    </groups>
    <test started-at="2025-08-19T16:31:50 IST" name="Default test" finished-at="2025-08-19T16:32:05 IST" duration-ms="14773">
      <class name="pack1.Lab8_4_assertion">
        <test-method is-config="true" signature="beforeSuite()[pri:0, instance:pack1.Lab8_4_assertion@710f4dc7]" started-at="2025-08-19T16:31:50 IST" name="beforeSuite" finished-at="2025-08-19T16:31:50 IST" duration-ms="10" status="PASS">
          <reporter-output>
          </reporter-output>
        </test-method> <!-- beforeSuite -->
        <test-method is-config="true" signature="beforeTest()[pri:0, instance:pack1.Lab8_4_assertion@710f4dc7]" started-at="2025-08-19T16:31:50 IST" name="beforeTest" finished-at="2025-08-19T16:31:50 IST" duration-ms="0" status="PASS">
          <reporter-output>
          </reporter-output>
        </test-method> <!-- beforeTest -->
        <test-method is-config="true" signature="beforeClass()[pri:0, instance:pack1.Lab8_4_assertion@710f4dc7]" started-at="2025-08-19T16:31:50 IST" name="beforeClass" finished-at="2025-08-19T16:31:50 IST" duration-ms="1" status="PASS">
          <reporter-output>
          </reporter-output>
        </test-method> <!-- beforeClass -->
        <test-method is-config="true" signature="beforeMethod()[pri:0, instance:pack1.Lab8_4_assertion@710f4dc7]" started-at="2025-08-19T16:31:50 IST" name="beforeMethod" finished-at="2025-08-19T16:31:52 IST" duration-ms="2030" status="PASS">
          <reporter-output>
          </reporter-output>
        </test-method> <!-- beforeMethod -->
        <test-method signature="f(java.lang.String)[pri:0, instance:pack1.Lab8_4_assertion@710f4dc7]" started-at="2025-08-19T16:31:52 IST" name="f" data-provider="dp" finished-at="2025-08-19T16:31:57 IST" duration-ms="4687" status="PASS">
          <params>
            <param index="0">
              <value>
                <![CDATA[Mobile]]>
              </value>
            </param>
          </params>
          <reporter-output>
          </reporter-output>
        </test-method> <!-- f -->
        <test-method is-config="true" signature="afterMethod()[pri:0, instance:pack1.Lab8_4_assertion@710f4dc7]" started-at="2025-08-19T16:31:57 IST" name="afterMethod" finished-at="2025-08-19T16:31:57 IST" duration-ms="238" status="PASS">
          <reporter-output>
          </reporter-output>
        </test-method> <!-- afterMethod -->
        <test-method is-config="true" signature="beforeMethod()[pri:0, instance:pack1.Lab8_4_assertion@710f4dc7]" started-at="2025-08-19T16:31:57 IST" name="beforeMethod" finished-at="2025-08-19T16:31:59 IST" duration-ms="2003" status="PASS">
          <reporter-output>
          </reporter-output>
        </test-method> <!-- beforeMethod -->
        <test-method signature="f(java.lang.String)[pri:0, instance:pack1.Lab8_4_assertion@710f4dc7]" started-at="2025-08-19T16:31:59 IST" name="f" data-provider="dp" finished-at="2025-08-19T16:32:05 IST" duration-ms="5567" status="PASS">
          <params>
            <param index="0">
              <value>
                <![CDATA[Monitors]]>
              </value>
            </param>
          </params>
          <reporter-output>
          </reporter-output>
        </test-method> <!-- f -->
        <test-method is-config="true" signature="afterMethod()[pri:0, instance:pack1.Lab8_4_assertion@710f4dc7]" started-at="2025-08-19T16:32:05 IST" name="afterMethod" finished-at="2025-08-19T16:32:05 IST" duration-ms="200" status="PASS">
          <reporter-output>
          </reporter-output>
        </test-method> <!-- afterMethod -->
        <test-method is-config="true" signature="afterClass()[pri:0, instance:pack1.Lab8_4_assertion@710f4dc7]" started-at="2025-08-19T16:32:05 IST" name="afterClass" finished-at="2025-08-19T16:32:05 IST" duration-ms="0" status="PASS">
          <reporter-output>
          </reporter-output>
        </test-method> <!-- afterClass -->
        <test-method is-config="true" signature="afterTest()[pri:0, instance:pack1.Lab8_4_assertion@710f4dc7]" started-at="2025-08-19T16:32:05 IST" name="afterTest" finished-at="2025-08-19T16:32:05 IST" duration-ms="1" status="PASS">
          <reporter-output>
          </reporter-output>
        </test-method> <!-- afterTest -->
        <test-method is-config="true" signature="afterSuite()[pri:0, instance:pack1.Lab8_4_assertion@710f4dc7]" started-at="2025-08-19T16:32:05 IST" name="afterSuite" finished-at="2025-08-19T16:32:05 IST" duration-ms="0" status="PASS">
          <reporter-output>
          </reporter-output>
        </test-method> <!-- afterSuite -->
      </class> <!-- pack1.Lab8_4_assertion -->
    </test> <!-- Default test -->
  </suite> <!-- Default suite -->
</testng-results>
