<?xml version="1.0" encoding="UTF-8"?>
<testng-results ignored="0" total="3" passed="3" failed="0" skipped="0">
  <reporter-output>
  </reporter-output>
  <suite started-at="2025-08-20T16:19:11 IST" name="Default suite" finished-at="2025-08-20T16:19:49 IST" duration-ms="38613">
    <groups>
    </groups>
    <test started-at="2025-08-20T16:19:11 IST" name="Default test" finished-at="2025-08-20T16:19:49 IST" duration-ms="38613">
      <class name="pack1.TC0012_TestNG">
        <test-method is-config="true" signature="beforeSuite()[pri:0, instance:pack1.TC0012_TestNG@23348b5d]" started-at="2025-08-20T16:19:11 IST" name="beforeSuite" finished-at="2025-08-20T16:19:11 IST" duration-ms="11" status="PASS">
          <reporter-output>
          </reporter-output>
        </test-method> <!-- beforeSuite -->
        <test-method is-config="true" signature="beforeTest()[pri:0, instance:pack1.TC0012_TestNG@23348b5d]" started-at="2025-08-20T16:19:11 IST" name="beforeTest" finished-at="2025-08-20T16:19:11 IST" duration-ms="2" status="PASS">
          <reporter-output>
          </reporter-output>
        </test-method> <!-- beforeTest -->
        <test-method is-config="true" signature="beforeClass()[pri:0, instance:pack1.TC0012_TestNG@23348b5d]" started-at="2025-08-20T16:19:11 IST" name="beforeClass" finished-at="2025-08-20T16:19:11 IST" duration-ms="0" status="PASS">
          <reporter-output>
          </reporter-output>
        </test-method> <!-- beforeClass -->
        <test-method is-config="true" signature="beforeMethod()[pri:0, instance:pack1.TC0012_TestNG@23348b5d]" started-at="2025-08-20T16:19:11 IST" name="beforeMethod" finished-at="2025-08-20T16:19:16 IST" duration-ms="4198" status="PASS">
          <reporter-output>
          </reporter-output>
        </test-method> <!-- beforeMethod -->
        <test-method signature="f(java.lang.String,java.lang.String)[pri:0, instance:pack1.TC0012_TestNG@23348b5d]" started-at="2025-08-20T16:19:16 IST" name="f" data-provider="dp" finished-at="2025-08-20T16:19:25 IST" duration-ms="9308" status="PASS">
          <params>
            <param index="0">
              <value>
                <![CDATA[Admin]]>
              </value>
            </param>
            <param index="1">
              <value>
                <![CDATA[admin123]]>
              </value>
            </param>
          </params>
          <reporter-output>
          </reporter-output>
        </test-method> <!-- f -->
        <test-method is-config="true" signature="afterMethod()[pri:0, instance:pack1.TC0012_TestNG@23348b5d]" started-at="2025-08-20T16:19:25 IST" name="afterMethod" finished-at="2025-08-20T16:19:25 IST" duration-ms="277" status="PASS">
          <reporter-output>
          </reporter-output>
        </test-method> <!-- afterMethod -->
        <test-method is-config="true" signature="beforeMethod()[pri:0, instance:pack1.TC0012_TestNG@23348b5d]" started-at="2025-08-20T16:19:25 IST" name="beforeMethod" finished-at="2025-08-20T16:19:29 IST" duration-ms="3775" status="PASS">
          <reporter-output>
          </reporter-output>
        </test-method> <!-- beforeMethod -->
        <test-method signature="f(java.lang.String,java.lang.String)[pri:0, instance:pack1.TC0012_TestNG@23348b5d]" started-at="2025-08-20T16:19:29 IST" name="f" data-provider="dp" finished-at="2025-08-20T16:19:37 IST" duration-ms="8376" status="PASS">
          <params>
            <param index="0">
              <value>
                <![CDATA[hema]]>
              </value>
            </param>
            <param index="1">
              <value>
                <![CDATA[welcome]]>
              </value>
            </param>
          </params>
          <reporter-output>
          </reporter-output>
        </test-method> <!-- f -->
        <test-method is-config="true" signature="afterMethod()[pri:0, instance:pack1.TC0012_TestNG@23348b5d]" started-at="2025-08-20T16:19:37 IST" name="afterMethod" finished-at="2025-08-20T16:19:38 IST" duration-ms="129" status="PASS">
          <reporter-output>
          </reporter-output>
        </test-method> <!-- afterMethod -->
        <test-method is-config="true" signature="beforeMethod()[pri:0, instance:pack1.TC0012_TestNG@23348b5d]" started-at="2025-08-20T16:19:38 IST" name="beforeMethod" finished-at="2025-08-20T16:19:41 IST" duration-ms="3283" status="PASS">
          <reporter-output>
          </reporter-output>
        </test-method> <!-- beforeMethod -->
        <test-method signature="f(java.lang.String,java.lang.String)[pri:0, instance:pack1.TC0012_TestNG@23348b5d]" started-at="2025-08-20T16:19:41 IST" name="f" data-provider="dp" finished-at="2025-08-20T16:19:49 IST" duration-ms="8410" status="PASS">
          <params>
            <param index="0">
              <value>
                <![CDATA[geeta]]>
              </value>
            </param>
            <param index="1">
              <value>
                <![CDATA[apple]]>
              </value>
            </param>
          </params>
          <reporter-output>
          </reporter-output>
        </test-method> <!-- f -->
        <test-method is-config="true" signature="afterMethod()[pri:0, instance:pack1.TC0012_TestNG@23348b5d]" started-at="2025-08-20T16:19:49 IST" name="afterMethod" finished-at="2025-08-20T16:19:49 IST" duration-ms="171" status="PASS">
          <reporter-output>
          </reporter-output>
        </test-method> <!-- afterMethod -->
        <test-method is-config="true" signature="afterClass()[pri:0, instance:pack1.TC0012_TestNG@23348b5d]" started-at="2025-08-20T16:19:49 IST" name="afterClass" finished-at="2025-08-20T16:19:49 IST" duration-ms="1" status="PASS">
          <reporter-output>
          </reporter-output>
        </test-method> <!-- afterClass -->
        <test-method is-config="true" signature="afterTest()[pri:0, instance:pack1.TC0012_TestNG@23348b5d]" started-at="2025-08-20T16:19:49 IST" name="afterTest" finished-at="2025-08-20T16:19:49 IST" duration-ms="1" status="PASS">
          <reporter-output>
          </reporter-output>
        </test-method> <!-- afterTest -->
        <test-method is-config="true" signature="afterSuite()[pri:0, instance:pack1.TC0012_TestNG@23348b5d]" started-at="2025-08-20T16:19:49 IST" name="afterSuite" finished-at="2025-08-20T16:19:49 IST" duration-ms="1" status="PASS">
          <reporter-output>
          </reporter-output>
        </test-method> <!-- afterSuite -->
      </class> <!-- pack1.TC0012_TestNG -->
    </test> <!-- Default test -->
  </suite> <!-- Default suite -->
</testng-results>
